Arguments: 
  /usr/bin/node /usr/share/yarn/bin/yarn.js add axios --save

PATH: 
  /usr/local/sbin:/usr/local/bin:/usr/sbin:/usr/bin:/sbin:/bin:/usr/games:/usr/local/games

Yarn version: 
  1.13.0

Node version: 
  11.10.0

Platform: 
  linux x64

Trace: 
  Error: EACCES: permission denied, mkdir '/home/fighan/Documents/http-app/node_modules/axios'

npm manifest: 
  {
    "name": "http-app",
    "version": "0.1.0",
    "private": true,
    "dependencies": {
      "bootstrap": "^4.1.2",
      "react": "^16.4.1",
      "react-dom": "^16.4.1",
      "react-scripts": "1.1.4"
    },
    "scripts": {
      "start": "react-scripts start",
      "build": "react-scripts build",
      "test": "react-scripts test --env=jsdom",
      "eject": "react-scripts eject"
    }
  }

yarn manifest: 
  No manifest

Lockfile: 
  No lockfile
